2018-06-22 21:16:42,975 appJar:INFO: [Line 13->1588/setLogFile]: Switched to logFile: ./doc/main.log
2018-06-22 21:16:58,944 appJar:INFO: [Line 31->2068/stop]: --- GUI stopped ---
2018-06-22 21:17:02,224 appJar:INFO: [Line 13->1588/setLogFile]: Switched to logFile: ./doc/main.log
2018-06-22 21:17:06,880 appJar:INFO: [Line 83]: Added Entry with title 
2018-06-22 21:17:13,184 appJar:INFO: [Line 95]: Successfully saved library file
2018-06-22 21:17:40,207 appJar:INFO: [Line 89]: Successfully Loaded Library File
2018-06-22 21:17:59,296 appJar:INFO: [Line 31->2068/stop]: --- GUI stopped ---
2018-06-22 22:31:08,356 appJar:INFO: [Line 13->1588/setLogFile]: Switched to logFile: ./doc/main.log
2018-06-22 22:31:24,854 appJar:INFO: [Line 13->1588/setLogFile]: Switched to logFile: ./doc/main.log
2018-06-22 22:32:39,576 appJar:INFO: [Line 36->2068/stop]: --- GUI stopped ---
2018-06-22 22:32:42,464 appJar:INFO: [Line 13->1588/setLogFile]: Switched to logFile: ./doc/main.log
2018-06-22 22:32:59,981 appJar:INFO: [Line 36->2068/stop]: --- GUI stopped ---
2018-06-22 22:33:29,386 appJar:INFO: [Line 13->1588/setLogFile]: Switched to logFile: ./doc/main.log
2018-06-22 22:33:34,805 appJar:INFO: [Line 37->2068/stop]: --- GUI stopped ---
2018-06-22 22:35:33,238 appJar:INFO: [Line 13->1588/setLogFile]: Switched to logFile: ./doc/main.log
2018-06-22 22:35:50,249 appJar:INFO: [Line 13->1588/setLogFile]: Switched to logFile: ./doc/main.log
2018-06-22 22:35:55,561 appJar:INFO: [Line 38->2068/stop]: --- GUI stopped ---
2018-06-22 22:43:32,355 appJar:INFO: [Line 13->1588/setLogFile]: Switched to logFile: ./doc/main.log
2018-06-22 22:43:54,673 appJar:INFO: [Line 13->1588/setLogFile]: Switched to logFile: ./doc/main.log
2018-06-22 22:44:44,967 appJar:INFO: [Line 45->2068/stop]: --- GUI stopped ---
2018-06-22 22:45:45,056 appJar:INFO: [Line 13->1588/setLogFile]: Switched to logFile: ./doc/main.log
2018-06-22 22:45:48,603 appJar:INFO: [Line 48->2068/stop]: --- GUI stopped ---
2018-06-22 22:49:04,095 appJar:INFO: [Line 13->1588/setLogFile]: Switched to logFile: ./doc/main.log
2018-06-22 22:49:04,202 appJar:WARNING: [Line 49->4022/_removeContainer]: Closing empty container: Entries
2018-06-22 22:49:19,178 appJar:INFO: [Line 54->2068/stop]: --- GUI stopped ---
2018-06-22 22:52:42,357 appJar:INFO: [Line 13->1588/setLogFile]: Switched to logFile: ./doc/main.log
2018-06-22 22:52:56,837 appJar:INFO: [Line 13->1588/setLogFile]: Switched to logFile: ./doc/main.log
2018-06-22 22:53:11,373 appJar:INFO: [Line 55->2068/stop]: --- GUI stopped ---
2018-06-22 22:54:28,407 appJar:INFO: [Line 13->1588/setLogFile]: Switched to logFile: ./doc/main.log
2018-06-22 22:54:43,351 appJar:INFO: [Line 55->2068/stop]: --- GUI stopped ---
2018-06-22 22:54:47,085 appJar:INFO: [Line 13->1588/setLogFile]: Switched to logFile: ./doc/main.log
2018-06-22 22:54:57,975 appJar:INFO: [Line 54->2068/stop]: --- GUI stopped ---
2018-06-22 22:55:12,273 appJar:INFO: [Line 13->1588/setLogFile]: Switched to logFile: ./doc/main.log
2018-06-22 22:55:14,729 appJar:INFO: [Line 54->2068/stop]: --- GUI stopped ---
2018-06-22 22:55:31,987 appJar:INFO: [Line 13->1588/setLogFile]: Switched to logFile: ./doc/main.log
2018-06-22 22:55:42,322 appJar:INFO: [Line 54->2068/stop]: --- GUI stopped ---
2018-06-22 22:56:06,923 appJar:INFO: [Line 13->1588/setLogFile]: Switched to logFile: ./doc/main.log
2018-06-22 22:56:13,118 appJar:INFO: [Line 54->2068/stop]: --- GUI stopped ---
2018-06-22 23:00:10,976 appJar:INFO: [Line 13->1588/setLogFile]: Switched to logFile: ./doc/main.log
2018-06-22 23:01:03,892 appJar:INFO: [Line 57->2068/stop]: --- GUI stopped ---
2018-06-22 23:01:04,588 appJar:INFO: [Line 13->1588/setLogFile]: Switched to logFile: ./doc/main.log
2018-06-22 23:01:16,392 appJar:INFO: [Line 60->2068/stop]: --- GUI stopped ---
2018-06-22 23:01:35,875 appJar:INFO: [Line 13->1588/setLogFile]: Switched to logFile: ./doc/main.log
2018-06-22 23:01:48,785 appJar:INFO: [Line 60->2068/stop]: --- GUI stopped ---
2018-06-22 23:02:17,755 appJar:INFO: [Line 13->1588/setLogFile]: Switched to logFile: ./doc/main.log
2018-06-22 23:02:28,264 appJar:INFO: [Line 60->2068/stop]: --- GUI stopped ---
2018-06-22 23:02:38,227 appJar:INFO: [Line 13->1588/setLogFile]: Switched to logFile: ./doc/main.log
2018-06-22 23:03:22,417 appJar:INFO: [Line 60->2068/stop]: --- GUI stopped ---
2018-06-22 23:03:25,487 appJar:INFO: [Line 13->1588/setLogFile]: Switched to logFile: ./doc/main.log
2018-06-22 23:03:45,583 appJar:INFO: [Line 61->2068/stop]: --- GUI stopped ---
2018-06-22 23:03:58,209 appJar:INFO: [Line 13->1588/setLogFile]: Switched to logFile: ./doc/main.log
2018-06-22 23:04:01,377 appJar:INFO: [Line 61->2068/stop]: --- GUI stopped ---
2018-06-22 23:04:15,669 appJar:INFO: [Line 13->1588/setLogFile]: Switched to logFile: ./doc/main.log
2018-06-22 23:04:29,684 appJar:INFO: [Line 61->2068/stop]: --- GUI stopped ---
2018-06-22 23:05:04,952 appJar:INFO: [Line 13->1588/setLogFile]: Switched to logFile: ./doc/main.log
2018-06-22 23:05:09,762 appJar:INFO: [Line 61->2068/stop]: --- GUI stopped ---
2018-06-22 23:05:25,061 appJar:INFO: [Line 13->1588/setLogFile]: Switched to logFile: ./doc/main.log
2018-06-22 23:05:49,022 appJar:INFO: [Line 61->2068/stop]: --- GUI stopped ---
2018-06-22 23:07:59,581 appJar:INFO: [Line 13->1588/setLogFile]: Switched to logFile: ./doc/main.log
2018-06-22 23:08:35,804 appJar:INFO: [Line 62->2068/stop]: --- GUI stopped ---
2018-06-22 23:08:37,472 appJar:INFO: [Line 13->1588/setLogFile]: Switched to logFile: ./doc/main.log
2018-06-22 23:09:02,860 appJar:INFO: [Line 62->2068/stop]: --- GUI stopped ---
2018-06-22 23:09:06,094 appJar:INFO: [Line 13->1588/setLogFile]: Switched to logFile: ./doc/main.log
2018-06-22 23:09:17,787 appJar:INFO: [Line 61->2068/stop]: --- GUI stopped ---
2018-06-22 23:09:33,930 appJar:INFO: [Line 13->1588/setLogFile]: Switched to logFile: ./doc/main.log
2018-06-22 23:10:12,293 appJar:INFO: [Line 61->2068/stop]: --- GUI stopped ---
2018-06-22 23:10:14,195 appJar:INFO: [Line 13->1588/setLogFile]: Switched to logFile: ./doc/main.log
2018-06-22 23:10:24,390 appJar:INFO: [Line 61->2068/stop]: --- GUI stopped ---
2018-06-22 23:13:10,634 appJar:INFO: [Line 13->1588/setLogFile]: Switched to logFile: ./doc/main.log
2018-06-22 23:13:35,676 appJar:INFO: [Line 62->2068/stop]: --- GUI stopped ---
2018-06-22 23:13:38,516 appJar:INFO: [Line 13->1588/setLogFile]: Switched to logFile: ./doc/main.log
2018-06-22 23:13:55,681 appJar:INFO: [Line 62->2068/stop]: --- GUI stopped ---
2018-06-22 23:13:58,522 appJar:INFO: [Line 13->1588/setLogFile]: Switched to logFile: ./doc/main.log
2018-06-22 23:14:10,763 appJar:INFO: [Line 62->2068/stop]: --- GUI stopped ---
2018-06-22 23:14:13,726 appJar:INFO: [Line 13->1588/setLogFile]: Switched to logFile: ./doc/main.log
2018-06-22 23:15:19,709 appJar:INFO: [Line 62->2068/stop]: --- GUI stopped ---
2018-06-22 23:15:22,407 appJar:INFO: [Line 13->1588/setLogFile]: Switched to logFile: ./doc/main.log
2018-06-22 23:15:22,551 appJar:WARNING: [Line 47->2283/setSize]: Specified dimensions (200, 200) less than requested dimensions (800, 800)
2018-06-22 23:15:31,170 appJar:INFO: [Line 63->2068/stop]: --- GUI stopped ---
2018-06-22 23:15:40,685 appJar:INFO: [Line 13->1588/setLogFile]: Switched to logFile: ./doc/main.log
2018-06-22 23:15:40,852 appJar:WARNING: [Line 47->2283/setSize]: Specified dimensions (400, 400) less than requested dimensions (800, 800)
2018-06-22 23:16:18,240 appJar:INFO: [Line 63->2068/stop]: --- GUI stopped ---
2018-06-22 23:16:21,755 appJar:INFO: [Line 13->1588/setLogFile]: Switched to logFile: ./doc/main.log
2018-06-22 23:16:21,897 appJar:WARNING: [Line 47->2283/setSize]: Specified dimensions (400, 400) less than requested dimensions (800, 800)
2018-06-22 23:16:44,225 appJar:INFO: [Line 63->2068/stop]: --- GUI stopped ---
2018-06-22 23:16:47,234 appJar:INFO: [Line 13->1588/setLogFile]: Switched to logFile: ./doc/main.log
2018-06-22 23:16:47,401 appJar:WARNING: [Line 47->2283/setSize]: Specified dimensions (400, 400) less than requested dimensions (800, 800)
2018-06-22 23:17:02,290 appJar:INFO: [Line 63->2068/stop]: --- GUI stopped ---
2018-06-22 23:17:18,366 appJar:INFO: [Line 13->1588/setLogFile]: Switched to logFile: ./doc/main.log
2018-06-22 23:17:18,518 appJar:WARNING: [Line 47->2283/setSize]: Specified dimensions (400, 400) less than requested dimensions (800, 800)
2018-06-22 23:17:33,376 appJar:INFO: [Line 63->2068/stop]: --- GUI stopped ---
2018-06-22 23:17:36,386 appJar:INFO: [Line 13->1588/setLogFile]: Switched to logFile: ./doc/main.log
2018-06-22 23:17:36,524 appJar:WARNING: [Line 47->2283/setSize]: Specified dimensions (400, 400) less than requested dimensions (800, 800)
2018-06-22 23:17:41,206 appJar:INFO: [Line 63->2068/stop]: --- GUI stopped ---
2018-06-22 23:17:48,658 appJar:INFO: [Line 13->1588/setLogFile]: Switched to logFile: ./doc/main.log
2018-06-22 23:17:48,797 appJar:WARNING: [Line 47->2283/setSize]: Specified dimensions (400, 400) less than requested dimensions (800, 800)
2018-06-22 23:18:27,701 appJar:INFO: [Line 63->2068/stop]: --- GUI stopped ---
2018-06-22 23:18:30,433 appJar:INFO: [Line 13->1588/setLogFile]: Switched to logFile: ./doc/main.log
2018-06-22 23:18:30,568 appJar:WARNING: [Line 47->2283/setSize]: Specified dimensions (400, 400) less than requested dimensions (800, 800)
2018-06-22 23:23:13,296 appJar:INFO: [Line 63->2068/stop]: --- GUI stopped ---
2018-06-22 23:23:16,470 appJar:INFO: [Line 13->1588/setLogFile]: Switched to logFile: ./doc/main.log
2018-06-22 23:23:16,604 appJar:WARNING: [Line 50->2283/setSize]: Specified dimensions (400, 400) less than requested dimensions (800, 800)
2018-06-22 23:23:53,542 appJar:INFO: [Line 69->2068/stop]: --- GUI stopped ---
2018-06-22 23:24:10,552 appJar:INFO: [Line 13->1588/setLogFile]: Switched to logFile: ./doc/main.log
2018-06-22 23:24:10,733 appJar:WARNING: [Line 50->2283/setSize]: Specified dimensions (400, 400) less than requested dimensions (800, 800)
2018-06-22 23:24:58,264 appJar:INFO: [Line 69->2068/stop]: --- GUI stopped ---
2018-06-22 23:25:00,414 appJar:INFO: [Line 13->1588/setLogFile]: Switched to logFile: ./doc/main.log
2018-06-22 23:25:00,561 appJar:WARNING: [Line 50->2283/setSize]: Specified dimensions (400, 400) less than requested dimensions (800, 800)
2018-06-22 23:25:06,790 appJar:INFO: [Line 69->2068/stop]: --- GUI stopped ---
2018-06-22 23:25:19,750 appJar:INFO: [Line 13->1588/setLogFile]: Switched to logFile: ./doc/main.log
2018-06-22 23:25:19,896 appJar:WARNING: [Line 50->2283/setSize]: Specified dimensions (400, 400) less than requested dimensions (800, 800)
2018-06-22 23:25:24,838 appJar:INFO: [Line 69->2068/stop]: --- GUI stopped ---
2018-06-22 23:26:11,846 appJar:INFO: [Line 13->1588/setLogFile]: Switched to logFile: ./doc/main.log
2018-06-22 23:26:11,991 appJar:WARNING: [Line 50->2283/setSize]: Specified dimensions (400, 400) less than requested dimensions (800, 800)
2018-06-22 23:26:51,107 appJar:INFO: [Line 69->2068/stop]: --- GUI stopped ---
2018-06-22 23:26:54,831 appJar:INFO: [Line 13->1588/setLogFile]: Switched to logFile: ./doc/main.log
2018-06-22 23:26:54,958 appJar:WARNING: [Line 50->2283/setSize]: Specified dimensions (400, 400) less than requested dimensions (800, 800)
2018-06-22 23:28:59,879 appJar:INFO: [Line 69->2068/stop]: --- GUI stopped ---
2018-06-22 23:29:02,462 appJar:INFO: [Line 13->1588/setLogFile]: Switched to logFile: ./doc/main.log
2018-06-22 23:29:02,599 appJar:WARNING: [Line 50->2283/setSize]: Specified dimensions (400, 400) less than requested dimensions (800, 800)
2018-06-22 23:30:43,750 appJar:INFO: [Line 69->2068/stop]: --- GUI stopped ---
2018-06-22 23:30:46,104 appJar:INFO: [Line 13->1588/setLogFile]: Switched to logFile: ./doc/main.log
2018-06-22 23:30:46,245 appJar:WARNING: [Line 48->2283/setSize]: Specified dimensions (400, 400) less than requested dimensions (800, 800)
2018-06-22 23:30:51,094 appJar:INFO: [Line 67->2068/stop]: --- GUI stopped ---
2018-06-22 23:31:13,743 appJar:INFO: [Line 13->1588/setLogFile]: Switched to logFile: ./doc/main.log
2018-06-22 23:31:13,890 appJar:WARNING: [Line 48->2283/setSize]: Specified dimensions (400, 400) less than requested dimensions (800, 800)
2018-06-22 23:31:33,092 appJar:INFO: [Line 65->2068/stop]: --- GUI stopped ---
2018-06-22 23:31:36,345 appJar:INFO: [Line 13->1588/setLogFile]: Switched to logFile: ./doc/main.log
2018-06-22 23:31:36,468 appJar:WARNING: [Line 48->2283/setSize]: Specified dimensions (400, 400) less than requested dimensions (800, 800)
2018-06-22 23:31:44,104 appJar:INFO: [Line 65->2068/stop]: --- GUI stopped ---
2018-06-22 23:31:46,546 appJar:INFO: [Line 13->1588/setLogFile]: Switched to logFile: ./doc/main.log
2018-06-22 23:31:46,699 appJar:WARNING: [Line 48->2283/setSize]: Specified dimensions (400, 400) less than requested dimensions (800, 800)
2018-06-22 23:32:04,937 appJar:INFO: [Line 65->2068/stop]: --- GUI stopped ---
2018-06-22 23:32:07,916 appJar:INFO: [Line 13->1588/setLogFile]: Switched to logFile: ./doc/main.log
2018-06-22 23:32:08,042 appJar:WARNING: [Line 48->2283/setSize]: Specified dimensions (400, 400) less than requested dimensions (800, 800)
2018-06-22 23:32:28,742 appJar:INFO: [Line 65->2068/stop]: --- GUI stopped ---
2018-06-22 23:32:31,052 appJar:INFO: [Line 13->1588/setLogFile]: Switched to logFile: ./doc/main.log
2018-06-22 23:32:31,187 appJar:WARNING: [Line 48->2283/setSize]: Specified dimensions (400, 400) less than requested dimensions (800, 800)
2018-06-22 23:32:36,496 appJar:INFO: [Line 65->2068/stop]: --- GUI stopped ---
2018-06-22 23:32:43,721 appJar:INFO: [Line 13->1588/setLogFile]: Switched to logFile: ./doc/main.log
2018-06-22 23:32:43,856 appJar:WARNING: [Line 48->2283/setSize]: Specified dimensions (400, 400) less than requested dimensions (800, 800)
2018-06-22 23:34:42,465 appJar:INFO: [Line 65->2068/stop]: --- GUI stopped ---
2018-06-23 08:31:34,763 appJar:INFO: [Line 13->1588/setLogFile]: Switched to logFile: ./doc/main.log
2018-06-23 08:31:34,909 appJar:WARNING: [Line 48->2283/setSize]: Specified dimensions (400, 400) less than requested dimensions (800, 800)
2018-06-23 08:31:47,615 appJar:INFO: [Line 65->2068/stop]: --- GUI stopped ---
2018-06-23 08:34:10,450 appJar:INFO: [Line 13->1588/setLogFile]: Switched to logFile: ./doc/main.log
2018-06-23 08:34:10,570 appJar:WARNING: [Line 49->2283/setSize]: Specified dimensions (400, 400) less than requested dimensions (800, 800)
2018-06-23 08:36:12,016 appJar:INFO: [Line 66->2068/stop]: --- GUI stopped ---
2018-06-23 08:36:15,474 appJar:INFO: [Line 13->1588/setLogFile]: Switched to logFile: ./doc/main.log
2018-06-23 08:41:29,614 appJar:INFO: [Line 66->2068/stop]: --- GUI stopped ---
2018-06-23 08:41:32,713 appJar:INFO: [Line 13->1588/setLogFile]: Switched to logFile: ./doc/main.log
2018-06-23 08:42:40,202 appJar:INFO: [Line 70->2068/stop]: --- GUI stopped ---
2018-06-23 08:42:43,811 appJar:INFO: [Line 13->1588/setLogFile]: Switched to logFile: ./doc/main.log
2018-06-23 08:43:35,473 appJar:INFO: [Line 70->2068/stop]: --- GUI stopped ---
2018-06-23 08:43:38,630 appJar:INFO: [Line 13->1588/setLogFile]: Switched to logFile: ./doc/main.log
2018-06-23 08:43:48,937 appJar:INFO: [Line 70->2068/stop]: --- GUI stopped ---
2018-06-23 08:44:18,662 appJar:INFO: [Line 13->1588/setLogFile]: Switched to logFile: ./doc/main.log
2018-06-23 08:45:10,316 appJar:INFO: [Line 69->2068/stop]: --- GUI stopped ---
2018-06-23 08:45:13,207 appJar:INFO: [Line 13->1588/setLogFile]: Switched to logFile: ./doc/main.log
2018-06-23 08:45:25,918 appJar:INFO: [Line 70->2068/stop]: --- GUI stopped ---
2018-06-23 08:46:58,240 appJar:INFO: [Line 13->1588/setLogFile]: Switched to logFile: ./doc/main.log
2018-06-23 08:47:03,728 appJar:INFO: [Line 71->2068/stop]: --- GUI stopped ---
2018-06-23 08:49:35,777 appJar:INFO: [Line 13->1588/setLogFile]: Switched to logFile: ./doc/main.log
2018-06-23 08:49:57,513 appJar:INFO: [Line 13->1588/setLogFile]: Switched to logFile: ./doc/main.log
2018-06-23 08:50:47,789 appJar:INFO: [Line 13->1588/setLogFile]: Switched to logFile: ./doc/main.log
2018-06-23 08:50:59,126 appJar:INFO: [Line 74->2068/stop]: --- GUI stopped ---
2018-06-23 08:55:26,221 appJar:INFO: [Line 13->1588/setLogFile]: Switched to logFile: ./doc/main.log
2018-06-23 08:55:59,924 appJar:INFO: [Line 75->2068/stop]: --- GUI stopped ---
2018-06-23 08:56:09,510 appJar:INFO: [Line 13->1588/setLogFile]: Switched to logFile: ./doc/main.log
2018-06-23 08:56:15,487 appJar:INFO: [Line 75->2068/stop]: --- GUI stopped ---
2018-06-23 08:56:33,131 appJar:INFO: [Line 13->1588/setLogFile]: Switched to logFile: ./doc/main.log
2018-06-23 08:56:49,624 appJar:INFO: [Line 73->2068/stop]: --- GUI stopped ---
2018-06-23 08:56:52,440 appJar:INFO: [Line 13->1588/setLogFile]: Switched to logFile: ./doc/main.log
2018-06-23 08:56:57,080 appJar:INFO: [Line 73->2068/stop]: --- GUI stopped ---
2018-06-23 09:00:30,580 appJar:INFO: [Line 13->1588/setLogFile]: Switched to logFile: ./doc/main.log
2018-06-23 09:02:01,380 appJar:INFO: [Line 13->1588/setLogFile]: Switched to logFile: ./doc/main.log
2018-06-23 09:02:28,519 appJar:INFO: [Line 13->1588/setLogFile]: Switched to logFile: ./doc/main.log
2018-06-23 09:06:00,950 appJar:INFO: [Line 13->1588/setLogFile]: Switched to logFile: ./doc/main.log
2018-06-23 09:06:31,349 appJar:INFO: [Line 76->2068/stop]: --- GUI stopped ---
2018-06-23 09:06:44,647 appJar:INFO: [Line 13->1588/setLogFile]: Switched to logFile: ./doc/main.log
2018-06-23 09:24:13,176 appJar:INFO: [Line 76->2068/stop]: --- GUI stopped ---
2018-06-23 09:24:41,650 appJar:INFO: [Line 14->1588/setLogFile]: Switched to logFile: ./doc/main.log
2018-06-23 09:25:08,162 appJar:INFO: [Line 14->1588/setLogFile]: Switched to logFile: ./doc/main.log
2018-06-23 09:25:25,133 appJar:INFO: [Line 14->1588/setLogFile]: Switched to logFile: ./doc/main.log
2018-06-23 09:25:43,385 appJar:INFO: [Line 14->1588/setLogFile]: Switched to logFile: ./doc/main.log
2018-06-23 09:28:26,170 appJar:INFO: [Line 73->2068/stop]: --- GUI stopped ---
